==3001== Memcheck, a memory error detector
==3001== Copyright (C) 2002-2017, and GNU GPL'd, by Julian Seward et al.
==3001== Using Valgrind-3.16.1 and LibVEX; rerun with -h for copyright info
==3001== Command: ./main.exec
==3001== Parent PID: 23402
==3001== 
==3001== Invalid read of size 8
==3001==    at 0x401D704: strncmp (strcmp.S:175)
==3001==    by 0x400604D: is_dst (dl-load.c:209)
==3001==    by 0x4008566: _dl_dst_count (dl-load.c:246)
==3001==    by 0x4008757: expand_dynamic_string_token (dl-load.c:388)
==3001==    by 0x40088D1: fillin_rpath.isra.0 (dl-load.c:460)
==3001==    by 0x4008BE1: decompose_rpath (dl-load.c:631)
==3001==    by 0x4009745: cache_rpath (dl-load.c:673)
==3001==    by 0x4009745: cache_rpath (dl-load.c:654)
==3001==    by 0x4009745: _dl_map_object (dl-load.c:2074)
==3001==    by 0x400DDC0: openaux (dl-deps.c:64)
==3001==    by 0x4EAEA8F: _dl_catch_exception (dl-error-skeleton.c:208)
==3001==    by 0x400E138: _dl_map_object_deps (dl-deps.c:248)
==3001==    by 0x4013DAA: dl_open_worker (dl-open.c:571)
==3001==    by 0x4EAEA8F: _dl_catch_exception (dl-error-skeleton.c:208)
==3001==  Address 0x63e5409 is 9 bytes inside a block of size 15 alloc'd
==3001==    at 0x483877F: malloc (vg_replace_malloc.c:307)
==3001==    by 0x401C26A: strdup (strdup.c:42)
==3001==    by 0x4008B74: decompose_rpath (dl-load.c:606)
==3001==    by 0x4009745: cache_rpath (dl-load.c:673)
==3001==    by 0x4009745: cache_rpath (dl-load.c:654)
==3001==    by 0x4009745: _dl_map_object (dl-load.c:2074)
==3001==    by 0x400DDC0: openaux (dl-deps.c:64)
==3001==    by 0x4EAEA8F: _dl_catch_exception (dl-error-skeleton.c:208)
==3001==    by 0x400E138: _dl_map_object_deps (dl-deps.c:248)
==3001==    by 0x4013DAA: dl_open_worker (dl-open.c:571)
==3001==    by 0x4EAEA8F: _dl_catch_exception (dl-error-skeleton.c:208)
==3001==    by 0x40138F9: _dl_open (dl-open.c:837)
==3001==    by 0x4A46257: dlopen_doit (dlopen.c:66)
==3001==    by 0x4EAEA8F: _dl_catch_exception (dl-error-skeleton.c:208)
==3001== 
==3001== Invalid read of size 8
==3001==    at 0x401D704: strncmp (strcmp.S:175)
==3001==    by 0x400604D: is_dst (dl-load.c:209)
==3001==    by 0x400861E: _dl_dst_substitute (dl-load.c:288)
==3001==    by 0x40088D1: fillin_rpath.isra.0 (dl-load.c:460)
==3001==    by 0x4008BE1: decompose_rpath (dl-load.c:631)
==3001==    by 0x4009745: cache_rpath (dl-load.c:673)
==3001==    by 0x4009745: cache_rpath (dl-load.c:654)
==3001==    by 0x4009745: _dl_map_object (dl-load.c:2074)
==3001==    by 0x400DDC0: openaux (dl-deps.c:64)
==3001==    by 0x4EAEA8F: _dl_catch_exception (dl-error-skeleton.c:208)
==3001==    by 0x400E138: _dl_map_object_deps (dl-deps.c:248)
==3001==    by 0x4013DAA: dl_open_worker (dl-open.c:571)
==3001==    by 0x4EAEA8F: _dl_catch_exception (dl-error-skeleton.c:208)
==3001==    by 0x40138F9: _dl_open (dl-open.c:837)
==3001==  Address 0x63e5409 is 9 bytes inside a block of size 15 alloc'd
==3001==    at 0x483877F: malloc (vg_replace_malloc.c:307)
==3001==    by 0x401C26A: strdup (strdup.c:42)
==3001==    by 0x4008B74: decompose_rpath (dl-load.c:606)
==3001==    by 0x4009745: cache_rpath (dl-load.c:673)
==3001==    by 0x4009745: cache_rpath (dl-load.c:654)
==3001==    by 0x4009745: _dl_map_object (dl-load.c:2074)
==3001==    by 0x400DDC0: openaux (dl-deps.c:64)
==3001==    by 0x4EAEA8F: _dl_catch_exception (dl-error-skeleton.c:208)
==3001==    by 0x400E138: _dl_map_object_deps (dl-deps.c:248)
==3001==    by 0x4013DAA: dl_open_worker (dl-open.c:571)
==3001==    by 0x4EAEA8F: _dl_catch_exception (dl-error-skeleton.c:208)
==3001==    by 0x40138F9: _dl_open (dl-open.c:837)
==3001==    by 0x4A46257: dlopen_doit (dlopen.c:66)
==3001==    by 0x4EAEA8F: _dl_catch_exception (dl-error-skeleton.c:208)
==3001== 
==3001== 
==3001== HEAP SUMMARY:
==3001==     in use at exit: 224,836 bytes in 3,064 blocks
==3001==   total heap usage: 79,829 allocs, 76,765 frees, 36,473,749 bytes allocated
==3001== 
==3001== LEAK SUMMARY:
==3001==    definitely lost: 0 bytes in 0 blocks
==3001==    indirectly lost: 0 bytes in 0 blocks
==3001==      possibly lost: 304 bytes in 2 blocks
==3001==    still reachable: 224,532 bytes in 3,062 blocks
==3001==         suppressed: 0 bytes in 0 blocks
==3001== Rerun with --leak-check=full to see details of leaked memory
==3001== 
==3001== For lists of detected and suppressed errors, rerun with: -s
==3001== ERROR SUMMARY: 2 errors from 2 contexts (suppressed: 0 from 0)
